[0m21:22:17.662560 [debug] [MainThread]: Sending event: {'category': 'dbt', 'action': 'invocation', 'label': 'start', 'context': [<snowplow_tracker.self_describing_json.SelfDescribingJson object at 0x00000258EC24B920>, <snowplow_tracker.self_describing_json.SelfDescribingJson object at 0x00000258F0453320>, <snowplow_tracker.self_describing_json.SelfDescribingJson object at 0x00000258F0453080>]}


============================== 21:22:17.700121 | fa08168b-d21b-4132-b38c-beb15502da16 ==============================
[0m21:22:17.700121 [info ] [MainThread]: Running with dbt=1.11.2
[0m21:22:17.700121 [debug] [MainThread]: running dbt with arguments {'version_check': 'True', 'no_print': 'None', 'static_parser': 'True', 'warn_error_options': 'WarnErrorOptionsV2(error=[], warn=[], silence=[])', 'target_path': 'None', 'printer_width': '80', 'write_json': 'True', 'introspect': 'True', 'log_cache_events': 'False', 'empty': 'None', 'cache_selected_only': 'False', 'fail_fast': 'False', 'debug': 'False', 'log_format': 'default', 'profiles_dir': 'C:\\Users\\AnbuVasu\\.dbt', 'send_anonymous_usage_stats': 'True', 'quiet': 'False', 'warn_error': 'None', 'partial_parse': 'True', 'indirect_selection': 'eager', 'use_colors': 'True', 'invocation_command': 'dbt init', 'use_experimental_parser': 'False', 'log_path': 'logs'}
[0m21:22:28.177389 [debug] [MainThread]: Starter project path: C:\dbt_learning_5_hrs\.venv\Lib\site-packages\dbt\include\starter_project
[0m21:22:28.198593 [info ] [MainThread]: 
Your new dbt project "dbt_retail" was created!

For more information on how to configure the profiles.yml file,
please consult the dbt documentation here:

  https://docs.getdbt.com/docs/configure-your-profile

One more thing:

Need help? Don't hesitate to reach out to us via GitHub issues or on Slack:

  https://community.getdbt.com/

Happy modeling!

[0m21:22:28.198593 [info ] [MainThread]: Setting up your profile.
[0m21:22:33.611626 [debug] [MainThread]: Snowflake adapter: Setting snowflake.connector to ERROR (file logging only)
[0m21:22:33.611626 [debug] [MainThread]: Snowflake adapter: Setting botocore to ERROR (file logging only)
[0m21:22:33.611626 [debug] [MainThread]: Snowflake adapter: Setting boto3 to ERROR (file logging only)
[0m21:23:22.512093 [info ] [MainThread]: Profile dbt_retail written to C:\Users\AnbuVasu\.dbt\profiles.yml using target's profile_template.yml and your supplied values. Run 'dbt debug' to validate the connection.
[0m21:23:22.513874 [debug] [MainThread]: Command `dbt init` succeeded at 21:23:22.513874 after 64.99 seconds
[0m21:23:22.513874 [debug] [MainThread]: Sending event: {'category': 'dbt', 'action': 'invocation', 'label': 'end', 'context': [<snowplow_tracker.self_describing_json.SelfDescribingJson object at 0x00000258F06D49B0>, <snowplow_tracker.self_describing_json.SelfDescribingJson object at 0x00000258F25AA0C0>, <snowplow_tracker.self_describing_json.SelfDescribingJson object at 0x00000258F27ABE60>]}
[0m21:23:22.514781 [debug] [MainThread]: Flushing usage events
[0m21:23:24.466776 [debug] [MainThread]: An error was encountered while trying to flush usage events
